MPASM 5.86                          MAIN.ASM   12-9-2024  15:36:34         PAGE  1


LOC  OBJECT CODE     LINE SOURCE TEXT
  VALUE

                      00001 ;   Programme du tutorial TP FIP2
                      00002 ;       
                      00003 
                      00004 ;   Defining assembling parameters
                      00005     LIST            p=16f877
                      00006     INCLUDE         "p16f877.inc"
                      00001         LIST
                      00002 
                      00003 ;==========================================================================
                      00004 ; Build date : Oct 24 2019
                      00005 ;  MPASM PIC16F877 processor include
                      00006 ; 
                      00007 ;  (c) Copyright 1999-2019 Microchip Technology, All rights reserved
                      00008 ;==========================================================================
                      00009 
                      00541         LIST
                      00007     ERRORLEVEL      -302                ; No warnings about banksel
                      00008     ERRORLEVEL      -205                ; No warnings about found directives
                      00009         
                      00010 ;   CONFIG
                      00011 ;   __config 0xFF39
2007   3F3A           00012     __CONFIG _FOSC_HS & _WDTE_OFF & _PWRTE_OFF & _CP_OFF & _BOREN_OFF & _LVP_OFF & _CPD_OFF & _WRT_ON
                      00013     
                      00014 ;   Start at the reset vector
                      00015     ORG     0x000
0000   0000           00016     NOP
                      00017     
                      00018 ; ------------------------------------------------------------------------------
                      00019 ; JUMP TO INIT
                      00020 ; ------------------------------------------------------------------------------
                      00021     
0001   2???           00022     GOTO        init
                      00023     
                      00024 ; ------------------------------------------------------------------------------
                      00025 ; INTERRUPT ROUTINES
                      00026 ; ------------------------------------------------------------------------------
                      00027     ; Interrupt vector
                      00028     ORG     0x004
                      00029     
0004                  00030 INTERRUPT_HANDLER:
0004   180C           00031     BTFSC           PIR1,   TMR1IF          ; Handle Timer 1 Interrupt
0005   2???           00032         CALL        TIMER1_INTERRUPT
                      00033         
0006   1A8C           00034     BTFSC           PIR1,   RCIF            ; Disabled, shouldn't be triggered
0007   2???           00035         CALL        USART_INTERRUPT         ; Handle Timer 0 Interrupt
                      00036 
0008   0009           00037     RETFIE                                  ; Return from interrupt
                      00038         
                      00039 ; ------------------------------------------------------------------------------
                      00040 ; INTERRUPTS INITIALIZATION
                      00041 ; ------------------------------------------------------------------------------
0009                  00042 INT_INIT:
0009   1683 1303      00043     BANKSEL         PIE1
MPASM 5.86                          MAIN.ASM   12-9-2024  15:36:34         PAGE  2


LOC  OBJECT CODE     LINE SOURCE TEXT
  VALUE

000B   3001           00044     MOVLW           B'00000001'     ; /
                      00045                                     ; /
                      00046                                     ; /
                      00047                                     ; /
                      00048                                     ; /
                      00049                                     ; /
                      00050                                     ; /
                      00051                                     ; Timer 1 IF
000C   008C           00052     MOVWF           PIE1
                      00053     
000D   1283 1303      00054     BANKSEL         INTCON
000F   30C1           00055     MOVLW           B'11000001'     ; GIE
                      00056                                     ; PEIE (For Timer 1)
                      00057                                     ; /
                      00058                                     ; /
                      00059                                     ; /
                      00060                                     ; /
                      00061                                     ; /
                      00062                                     ; /
0010   008B           00063     MOVWF           INTCON
                      00064     
                      00065 ; ------------------------------------------------------------------------------
                      00066 ; MEMORY
                      00067 ; ------------------------------------------------------------------------------
                      00068     ; General usage variables
Warning[207]: Found label after column 1. (CVT)
  00000020            00069     CVT         EQU         20h
Warning[207]: Found label after column 1. (CNT)
  00000021            00070     CNT         EQU         21h
Warning[207]: Found label after column 1. (SUM)
  00000022            00071     SUM         EQU         22h
Warning[207]: Found label after column 1. (SAV)
  00000023            00072     SAV         EQU         23h
Warning[207]: Found label after column 1. (CNT2)
  00000024            00073     CNT2        EQU         24h
                      00074 
                      00075     ; Output buffer
Warning[207]: Found label after column 1. (OUT1)
  00000030            00076     OUT1        EQU         30h
Warning[207]: Found label after column 1. (OUT2)
  00000031            00077     OUT2        EQU         31h
Warning[207]: Found label after column 1. (OUT3)
  00000032            00078     OUT3        EQU         32h
Warning[207]: Found label after column 1. (OUT4)
  00000033            00079     OUT4        EQU         33h 
Warning[207]: Found label after column 1. (OUT5)
  00000034            00080     OUT5        EQU         34h
                      00081         
                      00082     ; Interrupt counter
Warning[207]: Found label after column 1. (INT_CNT)
  00000040            00083     INT_CNT     EQU         40h
                      00084     
                      00085 ; ------------------------------------------------------------------------------
MPASM 5.86                          MAIN.ASM   12-9-2024  15:36:34         PAGE  3


LOC  OBJECT CODE     LINE SOURCE TEXT
  VALUE

                      00086 ; ADC
                      00087 ; ------------------------------------------------------------------------------
                      00088     
0011                  00089 ADC_INIT:
                      00090     ; Initilize the USART peripheral.
                      00091     ; Used register : W
0011   1683 1303      00092     BANKSEL     ADCON1
                      00093     
0013   300E           00094     MOVLW       B'00001110'     ; Left justifY
                      00095                                 ; 1 analog channel
                      00096                                 ; VDD and VSS references
0014   009F           00097     MOVWF       ADCON1          
                      00098 
0015   1283 1303      00099     BANKSEL     ADCON0  
0017   3041           00100     MOVLW       B'01000001'     ; Fosc/8
                      00101                                 ; A/D enabled
0018   009F           00102     MOVWF       ADCON0
                      00103        
0019   0008           00104     RETURN                      ; End of function
                      00105     
                      00106 ; ------------------------------------------------------------------------------
                      00107     
001A                  00108 ADC_CONVERT:
                      00109     ; Transmit the value of W over USART
                      00110     ; Used register : W
                      00111     ; Return registe : W
                      00112     
001A   151F           00113     BSF         ADCON0,     GO
                      00114     
001B   0008           00115     RETURN
                      00116     
001C                  00117 ADC_GET:
                      00118     ; ADC Convert shall be runned before
                      00119     ; Used register : /
                      00120     
001C   2???           00121     CALL        ADC_CONVERT         ; Start the conversion
                      00122     
001D   191F           00123     BTFSC       ADCON0,     GO      ; Waiting for the conversion to end
001E   2???           00124         GOTO    ADC_GET
                      00125 
001F   0008           00126     RETURN                          ; End of function
                      00127     
                      00128 ; ------------------------------------------------------------------------------
                      00129 ; USART
                      00130 ; ------------------------------------------------------------------------------
                      00131     
0020                  00132 USART_INIT:
                      00133     ; Initilize the USART peripheral.
                      00134     ; Used register : W
                      00135     
0020   1683 1303      00136     BANKSEL         TRISC
0022   30BF           00137     MOVLW           B'10111111'     ; TX as OUT (RC6), RX as IN (RC7)
0023   0087           00138     MOVWF           TRISC
MPASM 5.86                          MAIN.ASM   12-9-2024  15:36:34         PAGE  4


LOC  OBJECT CODE     LINE SOURCE TEXT
  VALUE

                      00139 
0024   1683 1303      00140     BANKSEL         SPBRG
0026   3033           00141     MOVLW           .51             ; Baud rate divider for 9600 (9615 exactly)
0027   0099           00142     MOVWF           SPBRG
                      00143 
0028   1683 1303      00144     BANKSEL         TXSTA
002A   3024           00145     MOVLW           B'00100100'     ; Don't care.
                      00146                                     ; 8 bit data
                      00147                                     ; Transmit enable
                      00148                                     ; Asynchronous
                      00149                                     ; /
                      00150                                     ; High speed mode
                      00151                                     ; Transmit status bit empty
                      00152                                     ; 9th bit of data (unused)
002B   0098           00153     MOVWF           TXSTA
                      00154 
002C   1283 1303      00155     BANKSEL         RCSTA
002E   3080           00156     MOVLW           B'10000000'     ; Serial port Enabled
                      00157                                     ; 8 bit data
                      00158                                     ; Don't care
                      00159                                     ; Continous receive disabled
                      00160                                     ; Disable address
                      00161                                     ; No framing error
                      00162                                     ; No overrun error
                      00163                                     ; 9th bit of data (unused)
002F   0098           00164     MOVWF           RCSTA
                      00165        
0030   0008           00166     RETURN                          ; End of function
                      00167     
                      00168 ; ------------------------------------------------------------------------------
                      00169     
0031                  00170 USART_SEND:
                      00171     ; Transmit the value of W over USART
                      00172     ; Used register : W
                      00173     
0031   1683 1303      00174     BANKSEL         TXSTA           ; Selection of bank
                      00175     
0033   1C98           00176     BTFSS           TXSTA, TRMT     ; Check register status
0034   2???           00177         GOTO        USART_SEND
                      00178     
0035   1283 1303      00179     BANKSEL         TXREG           ; Select TXREG Bank
0037   0099           00180     MOVWF           TXREG           ; Write A to TXREG
                      00181     
0038   0008           00182     RETURN                          ; End of function
                      00183     
0039                  00184 USART_SEND_ADC_BUF:                 ; Send the ADC output buffer, char by char and add \r\n
0039   0830           00185     MOVFW           OUT1
003A   2???           00186     CALL            USART_SEND
                      00187     
003B   0831           00188     MOVFW           OUT2
003C   2???           00189     CALL            USART_SEND
                      00190     
003D   0832           00191     MOVFW           OUT3
MPASM 5.86                          MAIN.ASM   12-9-2024  15:36:34         PAGE  5


LOC  OBJECT CODE     LINE SOURCE TEXT
  VALUE

003E   2???           00192     CALL            USART_SEND
                      00193     
003F   0833           00194     MOVFW           OUT4
0040   2???           00195     CALL            USART_SEND
                      00196     
0041   0834           00197     MOVFW           OUT5
0042   2???           00198     CALL            USART_SEND
                      00199     
0043   300D           00200     MOVLW           '\r'
0044   2???           00201     CALL            USART_SEND
                      00202     
0045   300A           00203     MOVLW           '\n'
0046   2???           00204     CALL            USART_SEND
                      00205     
0047   0008           00206     RETURN
                      00207     
                      00208 ; ------------------------------------------------------------------------------
                      00209     
0048                  00210 USART_INTERRUPT:    ; For later. Only clear the bit.
0048   128C           00211     BCF             PIR1,   RCIF
0049   0008           00212     RETURN
                      00213     
                      00214 ; ------------------------------------------------------------------------------
                      00215 ; TIMER 1
                      00216 ; ------------------------------------------------------------------------------
                      00217 
004A                  00218 TIMER1_INIT:
004A   1283 1303      00219     BANKSEL         T1CON
004C   3031           00220     MOVLW           B'00110001'     ; /
                      00221                                     ; /
                      00222                                     ; 1:8 Prescale
                      00223                                     ; No oscillator
                      00224                                     ; /
                      00225                                     ; Internal clock (Fosc / 4)
                      00226                                     ; Timer Enabled
004D   0090           00227     MOVWF           T1CON
                      00228        
004E   0008           00229     RETURN                          ; End of function
                      00230     
Warning[207]: Found label after column 1. (TIMER1_INTERRUPT)
004F                  00231  TIMER1_INTERRUPT:
004F   1283 1303      00232     BANKSEL         PIR1            
0051   100C           00233     BCF             PIR1,   TMR1IF  ; Clear Interrupt pin
                      00234     
0052   1283 1303      00235     BANKSEL         TMR1H           ; Load 15 535 to trigger interrupt every 50 000
0054   303B           00236     MOVLW           0x3B
0055   008F           00237     MOVWF           TMR1H
0056   30CA           00238     MOVLW           0xCA
0057   008E           00239     MOVWF           TMR1L
                      00240     
Message[305]: Using default destination of 1 (file).
0058   0AC0           00241     INCF            INT_CNT         ; Increment the interrupt counter
                      00242     
MPASM 5.86                          MAIN.ASM   12-9-2024  15:36:34         PAGE  6


LOC  OBJECT CODE     LINE SOURCE TEXT
  VALUE

0059   3005           00243     MOVLW           .5
005A   0240           00244     SUBWF           INT_CNT,   W
                      00245     
005B   1903 2???      00246     BZ              TRIGGERED_INT   ; Continue the interrupt
005D   0008           00247     RETURN
                      00248     
005E                  00249 TRIGGERED_INT:
005E   3000           00250     MOVLW           .0              ; Reset the counter
005F   00C0           00251     MOVWF           INT_CNT
                      00252     
0060   2???           00253     CALL            ADC_GET
0061   081E           00254     MOVFW           ADRESH          ; Copy the result into W
                      00255     
0062   2???           00256     CALL            GET_VOLT
                      00257 
0063   2???           00258     CALL            USART_SEND_ADC_BUF  ; Write the output buffer
                      00259     
0064   0008           00260     RETURN
                      00261     
                      00262 ; ------------------------------------------------------------------------------
                      00263 ; CONVERSION
                      00264 ; ------------------------------------------------------------------------------
0065                  00265 GET_VOLT:
                      00266     ; Get the integer part of the voltage
                      00267     ; Used register : W
                      00268     ; Input register : W
                      00269     ; Return register : OUT1
                      00270     
0065   1283 1303      00271     BANKSEL         TMR0            ; Dummy selection of the bank 0$
                      00272     
0067   00A0           00273     MOVWF           CVT             ; Place W into CVT and SAV
0068   00A3           00274     MOVWF           SAV
                      00275     
0069   3000           00276     MOVLW           .0
006A   00A1           00277     MOVWF           CNT             ; Initialize counters at 0
006B   00A4           00278     MOVWF           CNT2
                      00279     
006C   00B0           00280     MOVWF           OUT1            ; Clearing the output buffer
006D   00B1           00281     MOVWF           OUT2
006E   00B2           00282     MOVWF           OUT3
006F   00B3           00283     MOVWF           OUT4
0070   00B4           00284     MOVWF           OUT5
                      00285         
0071   00A2           00286     MOVWF           SUM             ; Clearing the sum
                      00287 
0072                  00288 CVT_SUB:                            ; Routine to get the integer part of the measure
0072   1003           00289     CLRC                            ; Clear carry
0073   3033           00290     MOVLW           .51             ; Place 51 in the W register
0074   0220           00291     SUBWF           CVT,    W       ; Remove 51 of CVT
0075   00A0           00292     MOVWF           CVT
                      00293     
0076   1C03 2???      00294     BNC             CVT_INT         ; Exit if negative found
                      00295     
MPASM 5.86                          MAIN.ASM   12-9-2024  15:36:34         PAGE  7


LOC  OBJECT CODE     LINE SOURCE TEXT
  VALUE

Message[305]: Using default destination of 1 (file).
0078   0AA1           00296     INCF            CNT             ; If not carry nor zero : Increment and restart
                      00297     
0079   0822           00298     MOVFW           SUM             ; Increment the integer part register
007A   3E33           00299     ADDLW           .51
007B   00A2           00300     MOVWF           SUM
                      00301     
007C   2???           00302     GOTO            CVT_SUB         ; Jump
                      00303         
007D                  00304 CVT_INT:
007D   0821           00305     MOVFW           CNT
007E   3E30           00306     ADDLW           30h             ; Convert to ASCII character
                      00307     
007F   00B0           00308     MOVWF           OUT1            ; Copy into output buffer
                      00309     
0080   0822           00310     MOVFW           SUM             ; Substract the sum of 551 to the input value
Message[305]: Using default destination of 1 (file).
0081   02A3           00311     SUBWF           SAV             ; Now, SAV contain the difference between integer and input.
                      00312 
0082                  00313 CVT_SUB2:
0082   3005           00314     MOVLW           .5              ; Place 5 in the W register
0083   0223           00315     SUBWF           SAV,    W       ; Remove 51 of CVT
0084   00A3           00316     MOVWF           SAV
                      00317     
0085   1C03 2???      00318     BNC             CVT_END         ; Exit if negative found
                      00319     
Message[305]: Using default destination of 1 (file).
0087   0AA4           00320     INCF            CNT2            ; If not carry nor zero : Increment and restart
                      00321     
0088   2???           00322     GOTO            CVT_SUB2        ; Jump
                      00323         
0089                  00324 CVT_END:                            ; Formatting the output by sending the right characters
0089   0821           00325     MOVFW           CNT
008A   3E30           00326     ADDLW           30h
008B   00B0           00327     MOVWF           OUT1
                      00328     
008C   302C           00329     MOVLW           ','
008D   00B1           00330     MOVWF           OUT2
                      00331     
008E   0824           00332     MOVFW           CNT2            ; Print the value
008F   3E30           00333     ADDLW           30h
0090   00B2           00334     MOVWF           OUT3
                      00335     
0091   303A           00336     MOVLW           ':'
0092   0232           00337     SUBWF           OUT3,   W
                      00338     
0093   1903 2???      00339     BZ              Double
0095   2???           00340     GOTO            NoDouble        ; No action
                      00341     
0096                  00342 Double:
0096   3039           00343     MOVLW           '9'             ; Print 9
0097   00B2           00344     MOVWF           OUT3
0098   2???           00345     GOTO            NextChar
MPASM 5.86                          MAIN.ASM   12-9-2024  15:36:34         PAGE  8


LOC  OBJECT CODE     LINE SOURCE TEXT
  VALUE

                      00346     
0099                  00347 NoDouble:
0099   0824           00348     MOVFW           CNT2            ; Print the value
009A   3E30           00349     ADDLW           30h
009B   00B2           00350     MOVWF           OUT3
                      00351     
009C                  00352 NextChar:
009C   3020           00353     MOVLW           ' '
009D   00B3           00354     MOVWF           OUT4
                      00355     
009E   3056           00356     MOVLW           'V'
009F   00B4           00357     MOVWF           OUT5
                      00358     
00A0   0008           00359     RETURN
                      00360     
                      00361 ; ------------------------------------------------------------------------------
                      00362 ; MAIN
                      00363 ; ------------------------------------------------------------------------------
                      00364 
00A1                  00365 init:
                      00366     ; Config Serial port (RX)
00A1   2???           00367     CALL            USART_INIT
                      00368     
                      00369     ; Config ADC readings.
00A2   2???           00370     CALL            ADC_INIT
                      00371     
                      00372     ; Configure the interrupt subsystem
00A3   2???           00373     CALL            INT_INIT
                      00374     
                      00375     ; Configure the timer 1
00A4   2???           00376     CALL            TIMER1_INIT
                      00377     
                      00378     ; Jump to the start
00A5   2???           00379     GOTO            start
                      00380     
00A6                  00381 start:
00A6   2???           00382     GOTO            start
                      00383  
3F3A                  00384     END                              ; Fin du code
MPASM 5.86                          MAIN.ASM   12-9-2024  15:36:34         PAGE  9


SYMBOL TABLE
  LABEL                             VALUE 

ACKDT                             00000005
ACKEN                             00000004
ACKSTAT                           00000006
ADCON0                            0000001F
ADCON1                            0000009F
ADCS0                             00000006
ADCS1                             00000007
ADC_CONVERT                       0000001A
ADC_GET                           0000001C
ADC_INIT                          00000011
ADDEN                             00000003
ADFM                              00000007
ADIE                              00000006
ADIF                              00000006
ADON                              00000000
ADRESH                            0000001E
ADRESL                            0000009E
BCLIE                             00000003
BCLIF                             00000003
BF                                00000000
BRGH                              00000002
C                                 00000000
CCP1CON                           00000017
CCP1IE                            00000002
CCP1IF                            00000002
CCP1M0                            00000000
CCP1M1                            00000001
CCP1M2                            00000002
CCP1M3                            00000003
CCP1X                             00000005
CCP1Y                             00000004
CCP2CON                           0000001D
CCP2IE                            00000000
CCP2IF                            00000000
CCP2M0                            00000000
CCP2M1                            00000001
CCP2M2                            00000002
CCP2M3                            00000003
CCP2X                             00000005
CCP2Y                             00000004
CCPR1                             00000015
CCPR1H                            00000016
CCPR1L                            00000015
CCPR2                             0000001B
CCPR2H                            0000001C
CCPR2L                            0000001B
CHS0                              00000003
CHS1                              00000004
CHS2                              00000005
CKE                               00000006
CKP                               00000004
CNT                               00000021
CNT2                              00000024
MPASM 5.86                          MAIN.ASM   12-9-2024  15:36:34         PAGE 10


SYMBOL TABLE
  LABEL                             VALUE 

CREN                              00000004
CSRC                              00000007
CVT                               00000020
CVT_END                           00000089
CVT_INT                           0000007D
CVT_SUB                           00000072
CVT_SUB2                          00000082
D                                 00000005
DATA_ADDRESS                      00000005
DC                                00000001
D_A                               00000005
D_NOT_A                           00000005
Double                            00000096
EEADR                             0000010D
EEADRH                            0000010F
EECON1                            0000018C
EECON2                            0000018D
EEDATA                            0000010C
EEDATH                            0000010E
EEIE                              00000004
EEIF                              00000004
EEPGD                             00000007
F                                 00000001
FERR                              00000002
FSR                               00000004
GCEN                              00000007
GET_VOLT                          00000065
GIE                               00000007
GO                                00000002
GO_DONE                           00000002
GO_NOT_DONE                       00000002
I2C_DATA                          00000005
I2C_READ                          00000002
I2C_START                         00000003
I2C_STOP                          00000004
IBF                               00000007
IBOV                              00000005
INDF                              00000000
INTCON                            0000000B
INTE                              00000004
INTEDG                            00000006
INTERRUPT_HANDLER                 00000004
INTF                              00000001
INT_CNT                           00000040
INT_INIT                          00000009
IRP                               00000007
NOT_A                             00000005
NOT_ADDRESS                       00000005
NOT_BO                            00000000
NOT_BOR                           00000000
NOT_DONE                          00000002
NOT_PD                            00000003
NOT_POR                           00000001
MPASM 5.86                          MAIN.ASM   12-9-2024  15:36:34         PAGE 11


SYMBOL TABLE
  LABEL                             VALUE 

NOT_RBPU                          00000007
NOT_RC8                           00000006
NOT_T1SYNC                        00000002
NOT_TO                            00000004
NOT_TX8                           00000006
NOT_W                             00000002
NOT_WRITE                         00000002
NextChar                          0000009C
NoDouble                          00000099
OBF                               00000006
OERR                              00000001
OPTION_REG                        00000081
OUT1                              00000030
OUT2                              00000031
OUT3                              00000032
OUT4                              00000033
OUT5                              00000034
P                                 00000004
PCFG0                             00000000
PCFG1                             00000001
PCFG2                             00000002
PCFG3                             00000003
PCL                               00000002
PCLATH                            0000000A
PCON                              0000008E
PEIE                              00000006
PEN                               00000002
PIE1                              0000008C
PIE2                              0000008D
PIR1                              0000000C
PIR2                              0000000D
PORTA                             00000005
PORTB                             00000006
PORTC                             00000007
PORTD                             00000008
PORTE                             00000009
PR2                               00000092
PS0                               00000000
PS1                               00000001
PS2                               00000002
PSA                               00000003
PSPIE                             00000007
PSPIF                             00000007
PSPMODE                           00000004
R                                 00000002
RA0                               00000000
RA1                               00000001
RA2                               00000002
RA3                               00000003
RA4                               00000004
RA5                               00000005
RB0                               00000000
RB1                               00000001
MPASM 5.86                          MAIN.ASM   12-9-2024  15:36:34         PAGE 12


SYMBOL TABLE
  LABEL                             VALUE 

RB2                               00000002
RB3                               00000003
RB4                               00000004
RB5                               00000005
RB6                               00000006
RB7                               00000007
RBIE                              00000003
RBIF                              00000000
RC0                               00000000
RC1                               00000001
RC2                               00000002
RC3                               00000003
RC4                               00000004
RC5                               00000005
RC6                               00000006
RC7                               00000007
RC8_9                             00000006
RC9                               00000006
RCD8                              00000000
RCEN                              00000003
RCIE                              00000005
RCIF                              00000005
RCREG                             0000001A
RCSTA                             00000018
RD                                00000000
RD0                               00000000
RD1                               00000001
RD2                               00000002
RD3                               00000003
RD4                               00000004
RD5                               00000005
RD6                               00000006
RD7                               00000007
RE0                               00000000
RE1                               00000001
RE2                               00000002
READ_WRITE                        00000002
RP0                               00000005
RP1                               00000006
RSEN                              00000001
RX9                               00000006
RX9D                              00000000
R_NOT_W                           00000002
R_W                               00000002
S                                 00000003
SAV                               00000023
SEN                               00000000
SMP                               00000007
SPBRG                             00000099
SPEN                              00000007
SREN                              00000005
SSPADD                            00000093
SSPBUF                            00000013
MPASM 5.86                          MAIN.ASM   12-9-2024  15:36:34         PAGE 13


SYMBOL TABLE
  LABEL                             VALUE 

SSPCON                            00000014
SSPCON2                           00000091
SSPEN                             00000005
SSPIE                             00000003
SSPIF                             00000003
SSPM0                             00000000
SSPM1                             00000001
SSPM2                             00000002
SSPM3                             00000003
SSPOV                             00000006
SSPSTAT                           00000094
STATUS                            00000003
SUM                               00000022
SYNC                              00000004
T0CS                              00000005
T0IE                              00000005
T0IF                              00000002
T0SE                              00000004
T1CKPS0                           00000004
T1CKPS1                           00000005
T1CON                             00000010
T1INSYNC                          00000002
T1OSCEN                           00000003
T1SYNC                            00000002
T2CKPS0                           00000000
T2CKPS1                           00000001
T2CON                             00000012
TIMER1_INIT                       0000004A
TIMER1_INTERRUPT                  0000004F
TMR0                              00000001
TMR0IE                            00000005
TMR0IF                            00000002
TMR1                              0000000E
TMR1CS                            00000001
TMR1H                             0000000F
TMR1IE                            00000000
TMR1IF                            00000000
TMR1L                             0000000E
TMR1ON                            00000000
TMR2                              00000011
TMR2IE                            00000001
TMR2IF                            00000001
TMR2ON                            00000002
TOUTPS0                           00000003
TOUTPS1                           00000004
TOUTPS2                           00000005
TOUTPS3                           00000006
TRIGGERED_INT                     0000005E
TRISA                             00000085
TRISA0                            00000000
TRISA1                            00000001
TRISA2                            00000002
TRISA3                            00000003
MPASM 5.86                          MAIN.ASM   12-9-2024  15:36:34         PAGE 14


SYMBOL TABLE
  LABEL                             VALUE 

TRISA4                            00000004
TRISA5                            00000005
TRISB                             00000086
TRISB0                            00000000
TRISB1                            00000001
TRISB2                            00000002
TRISB3                            00000003
TRISB4                            00000004
TRISB5                            00000005
TRISB6                            00000006
TRISB7                            00000007
TRISC                             00000087
TRISC0                            00000000
TRISC1                            00000001
TRISC2                            00000002
TRISC3                            00000003
TRISC4                            00000004
TRISC5                            00000005
TRISC6                            00000006
TRISC7                            00000007
TRISD                             00000088
TRISD0                            00000000
TRISD1                            00000001
TRISD2                            00000002
TRISD3                            00000003
TRISD4                            00000004
TRISD5                            00000005
TRISD6                            00000006
TRISD7                            00000007
TRISE                             00000089
TRISE0                            00000000
TRISE1                            00000001
TRISE2                            00000002
TRMT                              00000001
TX8_9                             00000006
TX9                               00000006
TX9D                              00000000
TXD8                              00000000
TXEN                              00000005
TXIE                              00000004
TXIF                              00000004
TXREG                             00000019
TXSTA                             00000098
UA                                00000001
USART_INIT                        00000020
USART_INTERRUPT                   00000048
USART_SEND                        00000031
USART_SEND_ADC_BUF                00000039
W                                 00000000
WCOL                              00000007
WR                                00000001
WREN                              00000002
WRERR                             00000003
MPASM 5.86                          MAIN.ASM   12-9-2024  15:36:34         PAGE 15


SYMBOL TABLE
  LABEL                             VALUE 

Z                                 00000002
_BODEN_OFF                        00003FBF
_BODEN_ON                         00003FFF
_BOREN_OFF                        00003FBF
_BOREN_ON                         00003FFF
_CONFIG                           00002007
_CPD_OFF                          00003FFF
_CPD_ON                           00003EFF
_CP_ALL                           00000FCF
_CP_HALF                          00001FDF
_CP_OFF                           00003FFF
_CP_UPPER_256                     00002FEF
_DEBUG_OFF                        00003FFF
_DEBUG_ON                         000037FF
_DEVID1                           00002006
_FOSC_EXTRC                       00003FFF
_FOSC_HS                          00003FFE
_FOSC_LP                          00003FFC
_FOSC_XT                          00003FFD
_HS_OSC                           00003FFE
_IDLOC0                           00002000
_IDLOC1                           00002001
_IDLOC2                           00002002
_IDLOC3                           00002003
_LP_OSC                           00003FFC
_LVP_OFF                          00003F7F
_LVP_ON                           00003FFF
_PWRTE_OFF                        00003FFF
_PWRTE_ON                         00003FF7
_RC_OSC                           00003FFF
_WDTE_OFF                         00003FFB
_WDTE_ON                          00003FFF
_WDT_OFF                          00003FFB
_WDT_ON                           00003FFF
_WRT_ENABLE_OFF                   00003DFF
_WRT_ENABLE_ON                    00003FFF
_WRT_OFF                          00003DFF
_WRT_ON                           00003FFF
_XT_OSC                           00003FFD
__16F877                          00000001
init                              000000A1
start                             000000A6

Errors   :     0
Warnings :    12 reported,     0 suppressed
Messages :     4 reported,     6 suppressed

